<?xml version="1.0" encoding="UTF-8"?>
<!-- Generated by org.testng.reporters.JUnitReportReporter -->
<testsuite hostname="Mahima-GBook" failures="0" tests="2" name="testRunner.Runner" time="28.566" errors="0" timestamp="2025-07-03T22:58:16 IST" skipped="0">
  <testcase classname="testRunner.Runner" name="runScenario" time="16.874"/>
  <testcase classname="testRunner.Runner" name="runScenario" time="11.692"/>
</testsuite> <!-- testRunner.Runner -->
